<?xml version="1.0" encoding="UTF-8"?>
<!-- Generated by org.testng.reporters.JUnitReportReporter -->
<testsuite hostname="DESKTOP-S2OOJSI" failures="0" tests="3" name="com.crm.qa.testcases.HomePageTest" time="3.784" errors="0" timestamp="2023-07-19T18:55:32 PDT" skipped="0">
  <testcase classname="com.crm.qa.testcases.HomePageTest" name="verifyHomePageTitleTest" time="0.008"/>
  <testcase classname="com.crm.qa.testcases.HomePageTest" name="verifyUserNameTest" time="3.556"/>
  <testcase classname="com.crm.qa.testcases.HomePageTest" name="verifyContactsLinkTest" time="0.220"/>
</testsuite> <!-- com.crm.qa.testcases.HomePageTest -->
