<?xml version="1.0" encoding="UTF-8"?>
<!-- Generated by org.testng.reporters.JUnitReportReporter -->
<testsuite hostname="DESKTOP-S2OOJSI" failures="0" tests="3" name="com.crm.qa.testcases.LoginPageTest" time="5.951" errors="0" timestamp="2023-07-19T18:55:32 PDT" skipped="0">
  <testcase classname="com.crm.qa.testcases.LoginPageTest" name="loginPageTitleTest" time="0.019"/>
  <testcase classname="com.crm.qa.testcases.LoginPageTest" name="crmLogoImageTest" time="0.226"/>
  <testcase classname="com.crm.qa.testcases.LoginPageTest" name="loginTest" time="5.706"/>
</testsuite> <!-- com.crm.qa.testcases.LoginPageTest -->
