<?xml version="1.0" encoding="UTF-8"?>
<!-- Generated by org.testng.reporters.JUnitReportReporter -->
<testsuite hostname="DESKTOP-S2OOJSI" failures="0" tests="1" name="com.crm.qa.testcases.FreeCrmTest" time="30.264" errors="0" timestamp="19 Jul 2023 04:06:51 GMT" skipped="0">
  <testcase classname="com.crm.qa.testcases.FreeCrmTest" name="freeCrmTitleTest" time="30.264"/>
</testsuite> <!-- com.crm.qa.testcases.FreeCrmTest -->
